lola: NET
lola:   reading net from AssemblySimStock.lola
lola:   finished parsing
lola:   closed net file AssemblySimStock.lola
lola:   51/65536 symbol table entries, 0 collisions
lola:   preprocessing... 
lola:   finding significant places
lola:   32 places, 19 transitions, 19 significant places
lola:   computing forward-conflicting sets
lola:   computing back-conflicting sets
lola:   30 transition conflict sets
lola:   calculating the progress measure
lola: TASK
lola:   creating the whole state space (--check=full)
lola: STORE
lola:   using a bit-perfect encoder (--encoder=bit)
lola:   using 76 bytes per marking, with 0 unused bits
lola:   using a prefix tree store (--store=prefix)
lola:   generating a state space (--check=full)
lola: SEARCH
lola:   using deadlock preserving stubborn set method with deletion algorithm (--stubborn=deletion)
lola: RUNNING
lola:      4227943 markings,    4227943 edges,   845589 markings/sec,     0 secs
lola:      8513813 markings,    8513812 edges,   857174 markings/sec,     5 secs
lola:     12828639 markings,   12828638 edges,   862965 markings/sec,    10 secs
lola:     17131020 markings,   17131019 edges,   860476 markings/sec,    15 secs
lola:     21425764 markings,   21425763 edges,   858949 markings/sec,    20 secs
lola:     25749234 markings,   25749233 edges,   864694 markings/sec,    25 secs
lola:     29889198 markings,   29889197 edges,   827993 markings/sec,    30 secs
lola:     34087905 markings,   34087904 edges,   839741 markings/sec,    35 secs
lola:     38329323 markings,   38329322 edges,   848284 markings/sec,    40 secs
lola:     42593341 markings,   42593340 edges,   852804 markings/sec,    45 secs
lola:     46963947 markings,   46963947 edges,   874121 markings/sec,    50 secs
lola:     51304827 markings,   51304826 edges,   868176 markings/sec,    55 secs
lola:     55615799 markings,   55615798 edges,   862194 markings/sec,    60 secs
lola:     59824247 markings,   59824246 edges,   841690 markings/sec,    65 secs
lola:     64069323 markings,   64069322 edges,   849015 markings/sec,    70 secs
lola:     68379242 markings,   68379242 edges,   861984 markings/sec,    75 secs
lola:     72667147 markings,   72667147 edges,   857581 markings/sec,    80 secs
lola:     76959328 markings,   76959327 edges,   858436 markings/sec,    85 secs
lola:     81206675 markings,   81206675 edges,   849469 markings/sec,    90 secs
lola:     85401149 markings,   85401148 edges,   838895 markings/sec,    95 secs
lola:     89611859 markings,   89611859 edges,   842142 markings/sec,   100 secs
lola:     93800207 markings,   93800207 edges,   837670 markings/sec,   105 secs
lola:     97965994 markings,   97965993 edges,   833157 markings/sec,   110 secs
lola:    102088936 markings,  102088935 edges,   824588 markings/sec,   115 secs
lola:    106230359 markings,  106230358 edges,   828285 markings/sec,   120 secs
lola:    110380364 markings,  110380364 edges,   830001 markings/sec,   125 secs
lola:    114508861 markings,  114508860 edges,   825699 markings/sec,   130 secs
lola:    118633767 markings,  118633766 edges,   824981 markings/sec,   135 secs
lola:    122723720 markings,  122723719 edges,   817991 markings/sec,   140 secs
lola:    126845534 markings,  126845534 edges,   824363 markings/sec,   145 secs
lola:    131020213 markings,  131020212 edges,   834936 markings/sec,   150 secs
lola:    135191650 markings,  135191649 edges,   834287 markings/sec,   155 secs
lola:    139332681 markings,  139332681 edges,   828206 markings/sec,   160 secs
lola:    143425246 markings,  143425245 edges,   818513 markings/sec,   165 secs
lola:    147523541 markings,  147523541 edges,   819659 markings/sec,   170 secs
lola:    151638985 markings,  151638985 edges,   823089 markings/sec,   175 secs
lola:    155742675 markings,  155742674 edges,   820738 markings/sec,   180 secs
lola:    159840169 markings,  159840168 edges,   819499 markings/sec,   185 secs
lola:    163923957 markings,  163923957 edges,   816758 markings/sec,   190 secs
lola:    168002158 markings,  168002157 edges,   815640 markings/sec,   195 secs
lola:    172256064 markings,  172256063 edges,   850781 markings/sec,   200 secs
lola:    176429841 markings,  176429841 edges,   834755 markings/sec,   205 secs
lola:    180595257 markings,  180595256 edges,   833083 markings/sec,   210 secs
lola:    184783418 markings,  184783417 edges,   837632 markings/sec,   215 secs
lola:    188938103 markings,  188938103 edges,   830937 markings/sec,   220 secs
lola:    193114582 markings,  193114582 edges,   835296 markings/sec,   225 secs
lola:    197269607 markings,  197269606 edges,   831005 markings/sec,   230 secs
lola:    201397438 markings,  201397437 edges,   825566 markings/sec,   235 secs
lola:    205530878 markings,  205530878 edges,   826688 markings/sec,   240 secs
lola:    209604215 markings,  209604214 edges,   814667 markings/sec,   245 secs
lola:    213782245 markings,  213782245 edges,   835606 markings/sec,   250 secs
lola:    217929050 markings,  217929050 edges,   829361 markings/sec,   255 secs
lola:    222025504 markings,  222025503 edges,   819291 markings/sec,   260 secs
lola:    226010538 markings,  226010537 edges,   797007 markings/sec,   265 secs
lola:    230102254 markings,  230102253 edges,   818343 markings/sec,   270 secs
lola:    234254097 markings,  234254097 edges,   830369 markings/sec,   275 secs
lola:    238355859 markings,  238355858 edges,   820352 markings/sec,   280 secs
lola:    242438221 markings,  242438221 edges,   816472 markings/sec,   285 secs
lola:    246541561 markings,  246541560 edges,   820668 markings/sec,   290 secs
lola:    250637694 markings,  250637693 edges,   819227 markings/sec,   295 secs
lola:    254828768 markings,  254828768 edges,   838215 markings/sec,   300 secs
lola:    258696017 markings,  258696016 edges,   773450 markings/sec,   305 secs
lola:    262739074 markings,  262739074 edges,   808611 markings/sec,   310 secs
lola:    266817565 markings,  266817564 edges,   815698 markings/sec,   315 secs
lola:    270880996 markings,  270880996 edges,   812686 markings/sec,   320 secs
lola:    274932726 markings,  274932726 edges,   810346 markings/sec,   325 secs
lola:    279025529 markings,  279025529 edges,   818561 markings/sec,   330 secs
lola:    283058052 markings,  283058051 edges,   806505 markings/sec,   335 secs
lola:    287106210 markings,  287106210 edges,   809632 markings/sec,   340 secs
lola:    291136631 markings,  291136630 edges,   806084 markings/sec,   345 secs
lola:    295251497 markings,  295251496 edges,   822973 markings/sec,   350 secs
lola:    299386285 markings,  299386284 edges,   826958 markings/sec,   355 secs
lola:    303513294 markings,  303513293 edges,   825402 markings/sec,   360 secs
lola:    307607975 markings,  307607974 edges,   818936 markings/sec,   365 secs
lola:    311697214 markings,  311697213 edges,   817848 markings/sec,   370 secs
lola:    315772812 markings,  315772812 edges,   815120 markings/sec,   375 secs
lola:    319825273 markings,  319825272 edges,   810492 markings/sec,   380 secs
lola:    323892911 markings,  323892910 edges,   813528 markings/sec,   385 secs
lola:    327942105 markings,  327942104 edges,   809839 markings/sec,   390 secs
lola:    331998450 markings,  331998449 edges,   811269 markings/sec,   395 secs
lola:    336002345 markings,  336002344 edges,   800779 markings/sec,   400 secs
lola:    340229655 markings,  340229654 edges,   845462 markings/sec,   405 secs
lola:    344388545 markings,  344388544 edges,   831778 markings/sec,   410 secs
lola:    348519634 markings,  348519634 edges,   826218 markings/sec,   415 secs
lola:    352673221 markings,  352673221 edges,   830717 markings/sec,   420 secs
lola:    356771035 markings,  356771034 edges,   819563 markings/sec,   425 secs
lola:    360591757 markings,  360591756 edges,   764144 markings/sec,   430 secs
lola:    364590486 markings,  364590486 edges,   799746 markings/sec,   435 secs
lola:    368493081 markings,  368493081 edges,   780519 markings/sec,   440 secs
lola:    372600355 markings,  372600355 edges,   821455 markings/sec,   445 secs
lola:    376667959 markings,  376667958 edges,   813521 markings/sec,   450 secs
lola:    380800350 markings,  380800349 edges,   826478 markings/sec,   455 secs
lola:    384870726 markings,  384870726 edges,   814075 markings/sec,   460 secs
lola:    388911826 markings,  388911826 edges,   808220 markings/sec,   465 secs
lola:    392988400 markings,  392988399 edges,   815315 markings/sec,   470 secs
lola:    397059411 markings,  397059410 edges,   814202 markings/sec,   475 secs
lola:    401163952 markings,  401163951 edges,   820908 markings/sec,   480 secs
lola:    405250135 markings,  405250134 edges,   817237 markings/sec,   485 secs
lola:    409272904 markings,  409272904 edges,   804554 markings/sec,   490 secs
lola:    413363149 markings,  413363149 edges,   818049 markings/sec,   495 secs
lola:    417404409 markings,  417404409 edges,   808252 markings/sec,   500 secs
lola:    421496684 markings,  421496683 edges,   818455 markings/sec,   505 secs
lola:    425635078 markings,  425635078 edges,   827679 markings/sec,   510 secs
lola:    429774100 markings,  429774099 edges,   827804 markings/sec,   515 secs
lola:    433901335 markings,  433901335 edges,   825447 markings/sec,   520 secs
lola:    437979701 markings,  437979701 edges,   815673 markings/sec,   525 secs
lola:    442109390 markings,  442109390 edges,   825938 markings/sec,   530 secs
lola:    446120967 markings,  446120967 edges,   802315 markings/sec,   535 secs
lola:    450181790 markings,  450181789 edges,   812165 markings/sec,   540 secs
lola:    454232862 markings,  454232861 edges,   810214 markings/sec,   545 secs
lola:    458286298 markings,  458286298 edges,   810687 markings/sec,   550 secs
lola:    462356042 markings,  462356042 edges,   813949 markings/sec,   555 secs
lola:    466443585 markings,  466443584 edges,   817509 markings/sec,   560 secs
lola:    470537071 markings,  470537071 edges,   818697 markings/sec,   565 secs
lola:    474618654 markings,  474618653 edges,   816317 markings/sec,   570 secs
lola:    478676987 markings,  478676986 edges,   811667 markings/sec,   575 secs
lola:    482719512 markings,  482719511 edges,   808505 markings/sec,   580 secs
lola:    486822645 markings,  486822644 edges,   820627 markings/sec,   585 secs
lola:    490891871 markings,  490891870 edges,   813845 markings/sec,   590 secs
lola:    494697855 markings,  494697855 edges,   761197 markings/sec,   595 secs
lola:    498696071 markings,  498696070 edges,   799643 markings/sec,   600 secs
lola:    502538813 markings,  502538813 edges,   768548 markings/sec,   605 secs
lola:    505007977 markings,  505007976 edges,   493833 markings/sec,   610 secs
lola:    508036341 markings,  508036340 edges,   605673 markings/sec,   615 secs
lola:    511917232 markings,  511917231 edges,   776178 markings/sec,   620 secs
lola:    515962056 markings,  515962055 edges,   808965 markings/sec,   625 secs
lola:    520151575 markings,  520151574 edges,   837904 markings/sec,   630 secs
lola:    524214096 markings,  524214095 edges,   812504 markings/sec,   635 secs
lola:    528318019 markings,  528318018 edges,   820785 markings/sec,   640 secs
lola:    532357192 markings,  532357192 edges,   807835 markings/sec,   645 secs
lola:    536404750 markings,  536404750 edges,   809512 markings/sec,   650 secs
lola:    540455781 markings,  540455780 edges,   810206 markings/sec,   655 secs
lola:    544477258 markings,  544477257 edges,   804295 markings/sec,   660 secs
lola:    548415782 markings,  548415781 edges,   787705 markings/sec,   665 secs
lola:    552536009 markings,  552536008 edges,   824045 markings/sec,   670 secs
lola:    556543955 markings,  556543955 edges,   801589 markings/sec,   675 secs
lola:    560386736 markings,  560386736 edges,   768556 markings/sec,   680 secs
lola:    564257800 markings,  564257799 edges,   774213 markings/sec,   685 secs
lola:    568269820 markings,  568269820 edges,   802404 markings/sec,   690 secs
lola:    572281544 markings,  572281543 edges,   802345 markings/sec,   695 secs
lola:    576274103 markings,  576274103 edges,   798512 markings/sec,   700 secs
lola:    580324177 markings,  580324176 edges,   810015 markings/sec,   705 secs
lola:    584322366 markings,  584322366 edges,   799638 markings/sec,   710 secs
lola:    588320920 markings,  588320920 edges,   799711 markings/sec,   715 secs
lola:    592470497 markings,  592470497 edges,   829915 markings/sec,   720 secs
lola:    596581767 markings,  596581767 edges,   822254 markings/sec,   725 secs
lola:    600678288 markings,  600678288 edges,   819304 markings/sec,   730 secs
lola:    604724362 markings,  604724361 edges,   809215 markings/sec,   735 secs
lola:    608761007 markings,  608761007 edges,   807329 markings/sec,   740 secs
lola:    612828197 markings,  612828196 edges,   813438 markings/sec,   745 secs
lola:    616884610 markings,  616884609 edges,   811283 markings/sec,   750 secs
lola:    620938706 markings,  620938705 edges,   810819 markings/sec,   755 secs
lola:    624975478 markings,  624975477 edges,   807354 markings/sec,   760 secs
lola:    628975485 markings,  628975484 edges,   800001 markings/sec,   765 secs
lola:    633051943 markings,  633051942 edges,   815292 markings/sec,   770 secs
lola:    637120054 markings,  637120054 edges,   813622 markings/sec,   775 secs
lola:    641196026 markings,  641196025 edges,   815194 markings/sec,   780 secs
lola:    645227490 markings,  645227490 edges,   806293 markings/sec,   785 secs
lola:    649250014 markings,  649250014 edges,   804505 markings/sec,   790 secs
lola:    653316047 markings,  653316046 edges,   813207 markings/sec,   795 secs
lola:    657261697 markings,  657261696 edges,   789130 markings/sec,   800 secs
lola:    661281666 markings,  661281665 edges,   803994 markings/sec,   805 secs
lola:    665308760 markings,  665308760 edges,   805419 markings/sec,   810 secs
lola:    669311781 markings,  669311781 edges,   800604 markings/sec,   815 secs
lola:    673378851 markings,  673378850 edges,   813414 markings/sec,   820 secs
lola:    677634850 markings,  677634850 edges,   851200 markings/sec,   825 secs
lola:    681832473 markings,  681832472 edges,   839525 markings/sec,   830 secs
lola:    685566670 markings,  685566670 edges,   746839 markings/sec,   835 secs
lola:    689479077 markings,  689479077 edges,   782481 markings/sec,   840 secs
lola:    693430445 markings,  693430445 edges,   790274 markings/sec,   845 secs
lola:    697507743 markings,  697507743 edges,   815460 markings/sec,   850 secs
lola:    701592893 markings,  701592892 edges,   817030 markings/sec,   855 secs
lola:    705642635 markings,  705642634 edges,   809948 markings/sec,   860 secs
lola:    709713401 markings,  709713400 edges,   814153 markings/sec,   865 secs
lola:    713777830 markings,  713777829 edges,   812886 markings/sec,   870 secs
lola:    717937211 markings,  717937210 edges,   831876 markings/sec,   875 secs
lola:    722073468 markings,  722073468 edges,   827251 markings/sec,   880 secs
lola:    726220763 markings,  726220762 edges,   829459 markings/sec,   885 secs
lola:    730308108 markings,  730308107 edges,   817469 markings/sec,   890 secs
lola:    734395586 markings,  734395585 edges,   817496 markings/sec,   895 secs
lola:    738548360 markings,  738548359 edges,   830555 markings/sec,   900 secs
lola:    742685132 markings,  742685132 edges,   827354 markings/sec,   905 secs
lola:    746794370 markings,  746794369 edges,   821848 markings/sec,   910 secs
lola:    750891670 markings,  750891669 edges,   819460 markings/sec,   915 secs
lola:    754698003 markings,  754698003 edges,   761267 markings/sec,   920 secs
lola:    758723844 markings,  758723843 edges,   805168 markings/sec,   925 secs
lola:    762803567 markings,  762803567 edges,   815945 markings/sec,   930 secs
lola:    766888205 markings,  766888205 edges,   816928 markings/sec,   935 secs
lola:    770944736 markings,  770944736 edges,   811306 markings/sec,   940 secs
lola:    774950231 markings,  774950231 edges,   801099 markings/sec,   945 secs
lola:    779006305 markings,  779006305 edges,   811215 markings/sec,   950 secs
lola:    783062760 markings,  783062760 edges,   811291 markings/sec,   955 secs
lola:    787140348 markings,  787140347 edges,   815518 markings/sec,   960 secs
lola:    791196676 markings,  791196676 edges,   811266 markings/sec,   965 secs
lola:    795235204 markings,  795235204 edges,   807706 markings/sec,   970 secs
lola:    799322227 markings,  799322226 edges,   817405 markings/sec,   975 secs
lola:    803387833 markings,  803387832 edges,   813121 markings/sec,   980 secs
lola:    807457096 markings,  807457096 edges,   813853 markings/sec,   985 secs
lola:    811542236 markings,  811542235 edges,   817028 markings/sec,   990 secs
lola:    815588527 markings,  815588527 edges,   809258 markings/sec,   995 secs
lola:    819653000 markings,  819652999 edges,   812895 markings/sec,  1000 secs
lola:    823538039 markings,  823538039 edges,   777008 markings/sec,  1005 secs
lola:    827447668 markings,  827447668 edges,   781926 markings/sec,  1010 secs
lola:    831511923 markings,  831511922 edges,   812851 markings/sec,  1015 secs
lola:    835543540 markings,  835543539 edges,   806323 markings/sec,  1020 secs
lola:    839579487 markings,  839579486 edges,   807189 markings/sec,  1025 secs
lola:    843749061 markings,  843749061 edges,   833915 markings/sec,  1030 secs
lola:    847832410 markings,  847832409 edges,   816670 markings/sec,  1035 secs
lola:    851928293 markings,  851928292 edges,   819177 markings/sec,  1040 secs
lola:    855585049 markings,  855585048 edges,   731351 markings/sec,  1045 secs
lola:    859438246 markings,  859438246 edges,   770639 markings/sec,  1050 secs
lola:    863551637 markings,  863551636 edges,   822678 markings/sec,  1055 secs
lola:    867501314 markings,  867501314 edges,   789935 markings/sec,  1060 secs
lola:    871449919 markings,  871449919 edges,   789721 markings/sec,  1065 secs
lola:    875448973 markings,  875448973 edges,   799811 markings/sec,  1070 secs
lola:    879446508 markings,  879446508 edges,   799507 markings/sec,  1075 secs
lola:    883457351 markings,  883457350 edges,   802169 markings/sec,  1080 secs
lola:    887567906 markings,  887567905 edges,   822111 markings/sec,  1085 secs
lola:    891598096 markings,  891598096 edges,   806038 markings/sec,  1090 secs
lola:    895615245 markings,  895615244 edges,   803430 markings/sec,  1095 secs
lola:    899642149 markings,  899642149 edges,   805381 markings/sec,  1100 secs
lola:    903604560 markings,  903604559 edges,   792482 markings/sec,  1105 secs
lola:    907658129 markings,  907658128 edges,   810714 markings/sec,  1110 secs
lola:    911698395 markings,  911698395 edges,   808053 markings/sec,  1115 secs
lola:    915712412 markings,  915712411 edges,   802803 markings/sec,  1120 secs
lola:    919560228 markings,  919560228 edges,   769563 markings/sec,  1125 secs
lola:    923290379 markings,  923290378 edges,   746030 markings/sec,  1130 secs
lola:    927211139 markings,  927211139 edges,   784152 markings/sec,  1135 secs
lola:    931176926 markings,  931176925 edges,   793157 markings/sec,  1140 secs
lola:    935151866 markings,  935151866 edges,   794988 markings/sec,  1145 secs
lola:    939205817 markings,  939205817 edges,   810790 markings/sec,  1150 secs
lola:    943171676 markings,  943171676 edges,   793172 markings/sec,  1155 secs
lola:    947064883 markings,  947064882 edges,   778641 markings/sec,  1160 secs
lola:    950871235 markings,  950871235 edges,   761270 markings/sec,  1165 secs
lola:    954400487 markings,  954400487 edges,   705850 markings/sec,  1170 secs
lola:    958400064 markings,  958400063 edges,   799915 markings/sec,  1175 secs
lola:    962270570 markings,  962270570 edges,   774101 markings/sec,  1180 secs
lola:    966278531 markings,  966278531 edges,   801592 markings/sec,  1185 secs
lola:    970358472 markings,  970358471 edges,   815988 markings/sec,  1190 secs
lola:    974388424 markings,  974388423 edges,   805990 markings/sec,  1195 secs
lola:    978400769 markings,  978400769 edges,   802469 markings/sec,  1200 secs
lola:    982401991 markings,  982401990 edges,   800244 markings/sec,  1205 secs
lola:    986419227 markings,  986419226 edges,   803447 markings/sec,  1210 secs
lola:    990445434 markings,  990445433 edges,   805241 markings/sec,  1215 secs
lola:    994453327 markings,  994453326 edges,   801579 markings/sec,  1220 secs
lola:    998444142 markings,  998444142 edges,   798163 markings/sec,  1225 secs
lola:   1002398445 markings, 1002398445 edges,   790861 markings/sec,  1230 secs
lola:   1006359458 markings, 1006359457 edges,   792203 markings/sec,  1235 secs
lola:   1010536786 markings, 1010536785 edges,   835466 markings/sec,  1240 secs
lola:   1014642200 markings, 1014642199 edges,   821083 markings/sec,  1245 secs
lola:   1018733556 markings, 1018733556 edges,   818271 markings/sec,  1250 secs
lola:   1022797427 markings, 1022797426 edges,   812774 markings/sec,  1255 secs
lola:   1026838232 markings, 1026838232 edges,   808161 markings/sec,  1260 secs
lola:   1030942505 markings, 1030942505 edges,   820855 markings/sec,  1265 secs
lola:   1035021178 markings, 1035021177 edges,   815735 markings/sec,  1270 secs
lola:   1039079198 markings, 1039079198 edges,   811604 markings/sec,  1275 secs
lola:   1043101882 markings, 1043101881 edges,   804537 markings/sec,  1280 secs
lola:   1047134045 markings, 1047134045 edges,   806433 markings/sec,  1285 secs
lola:   1051103011 markings, 1051103010 edges,   793793 markings/sec,  1290 secs
lola:   1054949864 markings, 1054949863 edges,   769371 markings/sec,  1295 secs
lola:   1058950367 markings, 1058950366 edges,   800101 markings/sec,  1300 secs
lola:   1062976404 markings, 1062976403 edges,   805207 markings/sec,  1305 secs
lola:   1066964549 markings, 1066964549 edges,   797629 markings/sec,  1310 secs
lola:   1070779217 markings, 1070779216 edges,   762934 markings/sec,  1315 secs
lola:   1074851110 markings, 1074851109 edges,   814379 markings/sec,  1320 secs
lola:   1078851485 markings, 1078851484 edges,   800075 markings/sec,  1325 secs
lola:   1082846429 markings, 1082846428 edges,   798989 markings/sec,  1330 secs
lola:   1086824612 markings, 1086824611 edges,   795637 markings/sec,  1335 secs
lola:   1090691719 markings, 1090691719 edges,   773421 markings/sec,  1340 secs
lola:   1094707999 markings, 1094707998 edges,   803256 markings/sec,  1345 secs
lola:   1098753868 markings, 1098753868 edges,   809174 markings/sec,  1350 secs
lola:   1102756194 markings, 1102756194 edges,   800465 markings/sec,  1355 secs
lola:   1106755547 markings, 1106755546 edges,   799871 markings/sec,  1360 secs
lola:   1110570627 markings, 1110570627 edges,   763016 markings/sec,  1365 secs
lola:   1113901028 markings, 1113901028 edges,   666080 markings/sec,  1370 secs
lola:   1117768758 markings, 1117768757 edges,   773546 markings/sec,  1375 secs
lola:   1122031112 markings, 1122031111 edges,   852471 markings/sec,  1380 secs
lola:   1125928338 markings, 1125928337 edges,   779445 markings/sec,  1385 secs
lola:   1129864763 markings, 1129864762 edges,   787285 markings/sec,  1390 secs
lola:   1133762079 markings, 1133762079 edges,   779463 markings/sec,  1395 secs
lola:   1137722296 markings, 1137722295 edges,   792043 markings/sec,  1400 secs
lola:   1141752146 markings, 1141752146 edges,   805970 markings/sec,  1405 secs
lola:   1145737271 markings, 1145737270 edges,   797025 markings/sec,  1410 secs
lola:   1149653253 markings, 1149653253 edges,   783196 markings/sec,  1415 secs
lola:   1153650346 markings, 1153650345 edges,   799419 markings/sec,  1420 secs
lola:   1157674864 markings, 1157674863 edges,   804904 markings/sec,  1425 secs
lola:   1161681402 markings, 1161681402 edges,   801308 markings/sec,  1430 secs
lola:   1165528240 markings, 1165528239 edges,   769368 markings/sec,  1435 secs
lola:   1169389728 markings, 1169389728 edges,   772298 markings/sec,  1440 secs
lola:   1173347094 markings, 1173347094 edges,   791473 markings/sec,  1445 secs
lola:   1177410053 markings, 1177410053 edges,   812592 markings/sec,  1450 secs
lola:   1181482734 markings, 1181482733 edges,   814536 markings/sec,  1455 secs
lola:   1185527021 markings, 1185527020 edges,   808857 markings/sec,  1460 secs
lola:   1189577873 markings, 1189577873 edges,   810170 markings/sec,  1465 secs
lola:   1193609832 markings, 1193609832 edges,   806392 markings/sec,  1470 secs
lola:   1197646664 markings, 1197646663 edges,   807366 markings/sec,  1475 secs
lola:   1201647499 markings, 1201647498 edges,   800167 markings/sec,  1480 secs
lola:   1205622707 markings, 1205622706 edges,   795042 markings/sec,  1485 secs
lola:   1209234607 markings, 1209234606 edges,   722380 markings/sec,  1490 secs
lola:   1212646941 markings, 1212646941 edges,   682467 markings/sec,  1495 secs
lola:   1216438745 markings, 1216438744 edges,   758361 markings/sec,  1500 secs
