lola: LoLA will run for 3600 seconds at most (--timelimit)
lola: NET
lola:   reading net from AssemblySimStock.lola
lola:   finished parsing
lola:   closed net file AssemblySimStock.lola
lola:   51/65536 symbol table entries, 0 collisions
lola:   preprocessing... 
lola:   finding significant places
lola:   32 places, 19 transitions, 19 significant places
lola:   computing forward-conflicting sets
lola:   computing back-conflicting sets
lola:   30 transition conflict sets
lola:   calculating the progress measure
lola: TASK
lola:   read: AG (InspQ < 11)
lola:   formula length: 15
lola:   checking invariance
lola:   Planning: workflow for reachability check: search (--findpath=off)
lola: STORE
lola:   using a simple compression encoder (--encoder=simplecompressed)
lola:   using a prefix tree store (--store=prefix)
lola: SEARCH
lola:   using reachability  graph (--search=depth)
lola:   using reachability preserving stubborn set method with deletion algorithm (--stubborn=deletion)
lola: RUNNING
lola:      3471585 markings,    3471585 edges,   694317 markings/sec,     0 secs
lola:      7038587 markings,    7038586 edges,   713400 markings/sec,     5 secs
lola:     10559242 markings,   10559242 edges,   704131 markings/sec,    10 secs
lola:     14073821 markings,   14073820 edges,   702916 markings/sec,    15 secs
lola:     17554736 markings,   17554736 edges,   696183 markings/sec,    20 secs
lola:     21013095 markings,   21013094 edges,   691672 markings/sec,    25 secs
lola:     24508106 markings,   24508105 edges,   699002 markings/sec,    30 secs
lola:     27973083 markings,   27973083 edges,   692995 markings/sec,    35 secs
lola:     31389974 markings,   31389973 edges,   683378 markings/sec,    40 secs
lola:     34866640 markings,   34866639 edges,   695333 markings/sec,    45 secs
lola:     38287807 markings,   38287807 edges,   684233 markings/sec,    50 secs
lola:     41694482 markings,   41694482 edges,   681335 markings/sec,    55 secs
lola:     45033036 markings,   45033035 edges,   667711 markings/sec,    60 secs
lola:     48472467 markings,   48472467 edges,   687886 markings/sec,    65 secs
lola:     51880070 markings,   51880070 edges,   681521 markings/sec,    70 secs
lola:     55302590 markings,   55302589 edges,   684504 markings/sec,    75 secs
lola:     58682437 markings,   58682437 edges,   675969 markings/sec,    80 secs
lola:     62072744 markings,   62072744 edges,   678061 markings/sec,    85 secs
lola:     65483601 markings,   65483600 edges,   682171 markings/sec,    90 secs
lola:     68899865 markings,   68899865 edges,   683253 markings/sec,    95 secs
lola:     72281819 markings,   72281819 edges,   676391 markings/sec,   100 secs
lola:     75649117 markings,   75649116 edges,   673460 markings/sec,   105 secs
lola:     79026928 markings,   79026927 edges,   675562 markings/sec,   110 secs
lola:     82383502 markings,   82383501 edges,   671315 markings/sec,   115 secs
lola:     85787623 markings,   85787622 edges,   680824 markings/sec,   120 secs
lola:     89157489 markings,   89157489 edges,   673973 markings/sec,   125 secs
lola:     92514543 markings,   92514543 edges,   671411 markings/sec,   130 secs
lola:     95868224 markings,   95868224 edges,   670736 markings/sec,   135 secs
lola:     99194028 markings,   99194027 edges,   665161 markings/sec,   140 secs
lola:    102515056 markings,  102515055 edges,   664206 markings/sec,   145 secs
lola:    105834187 markings,  105834186 edges,   663826 markings/sec,   150 secs
lola:    109169686 markings,  109169686 edges,   667100 markings/sec,   155 secs
lola:    112476094 markings,  112476093 edges,   661282 markings/sec,   160 secs
lola:    115786036 markings,  115786036 edges,   661988 markings/sec,   165 secs
lola:    119102080 markings,  119102080 edges,   663209 markings/sec,   170 secs
lola:    122412281 markings,  122412280 edges,   662040 markings/sec,   175 secs
lola:    125682708 markings,  125682708 edges,   654085 markings/sec,   180 secs
lola:    129042004 markings,  129042004 edges,   671859 markings/sec,   185 secs
lola:    132349957 markings,  132349957 edges,   661591 markings/sec,   190 secs
lola:    135656033 markings,  135656033 edges,   661215 markings/sec,   195 secs
lola:    138966779 markings,  138966778 edges,   662149 markings/sec,   200 secs
lola:    142260372 markings,  142260372 edges,   658719 markings/sec,   205 secs
lola:    145533793 markings,  145533792 edges,   654684 markings/sec,   210 secs
lola:    148841339 markings,  148841339 edges,   661509 markings/sec,   215 secs
lola:    152131579 markings,  152131578 edges,   658048 markings/sec,   220 secs
lola:    155392164 markings,  155392163 edges,   652117 markings/sec,   225 secs
lola:    158654335 markings,  158654335 edges,   652434 markings/sec,   230 secs
lola:    161927173 markings,  161927173 edges,   654568 markings/sec,   235 secs
lola:    165114546 markings,  165114546 edges,   637475 markings/sec,   240 secs
lola:    168259498 markings,  168259498 edges,   628990 markings/sec,   245 secs
lola:    171550822 markings,  171550821 edges,   658265 markings/sec,   250 secs
lola:    174866230 markings,  174866230 edges,   663082 markings/sec,   255 secs
lola:    178143551 markings,  178143551 edges,   655464 markings/sec,   260 secs
lola:    181421475 markings,  181421475 edges,   655585 markings/sec,   265 secs
lola:    184675368 markings,  184675368 edges,   650779 markings/sec,   270 secs
lola:    187828077 markings,  187828077 edges,   630542 markings/sec,   275 secs
lola:    190861032 markings,  190861032 edges,   606591 markings/sec,   280 secs
lola:    193992399 markings,  193992398 edges,   626273 markings/sec,   285 secs
lola:    196893360 markings,  196893360 edges,   580192 markings/sec,   290 secs
lola:    199928900 markings,  199928900 edges,   607108 markings/sec,   295 secs
lola:    203119989 markings,  203119989 edges,   638218 markings/sec,   300 secs
lola:    206359597 markings,  206359596 edges,   647922 markings/sec,   305 secs
lola:    209564994 markings,  209564993 edges,   641079 markings/sec,   310 secs
lola:    212779329 markings,  212779329 edges,   642867 markings/sec,   315 secs
lola:    216000290 markings,  216000289 edges,   644192 markings/sec,   320 secs
lola:    219006411 markings,  219006411 edges,   601224 markings/sec,   325 secs
lola:    220987846 markings,  220987846 edges,   396287 markings/sec,   330 secs
lola:    223956143 markings,  223956143 edges,   593659 markings/sec,   335 secs
lola:    227193394 markings,  227193394 edges,   647450 markings/sec,   340 secs
lola:    230445473 markings,  230445473 edges,   650416 markings/sec,   345 secs
lola:    233707433 markings,  233707433 edges,   652392 markings/sec,   350 secs
lola:    236935706 markings,  236935706 edges,   645655 markings/sec,   355 secs
lola:    240126181 markings,  240126181 edges,   638095 markings/sec,   360 secs
lola:    243335507 markings,  243335507 edges,   641865 markings/sec,   365 secs
lola:    246423442 markings,  246423441 edges,   617587 markings/sec,   370 secs
lola:    249597043 markings,  249597042 edges,   634720 markings/sec,   375 secs
lola:    252816488 markings,  252816487 edges,   643889 markings/sec,   380 secs
lola:    256080066 markings,  256080065 edges,   652716 markings/sec,   385 secs
lola:    259321554 markings,  259321553 edges,   648298 markings/sec,   390 secs
lola:    262579050 markings,  262579049 edges,   651499 markings/sec,   395 secs
lola:    265814320 markings,  265814320 edges,   647054 markings/sec,   400 secs
lola:    269036464 markings,  269036464 edges,   644429 markings/sec,   405 secs
lola:    272239896 markings,  272239895 edges,   640686 markings/sec,   410 secs
lola:    275484631 markings,  275484631 edges,   648947 markings/sec,   415 secs
lola:    278701206 markings,  278701206 edges,   643315 markings/sec,   420 secs
lola:    281867076 markings,  281867075 edges,   633174 markings/sec,   425 secs
lola:    285071794 markings,  285071793 edges,   640944 markings/sec,   430 secs
lola:    288271964 markings,  288271963 edges,   640034 markings/sec,   435 secs
lola:    291484033 markings,  291484032 edges,   642414 markings/sec,   440 secs
lola:    294689465 markings,  294689465 edges,   641086 markings/sec,   445 secs
lola:    297918479 markings,  297918479 edges,   645803 markings/sec,   450 secs
lola:    301138121 markings,  301138120 edges,   643928 markings/sec,   455 secs
lola:    304336853 markings,  304336852 edges,   639746 markings/sec,   460 secs
lola:    307549526 markings,  307549525 edges,   642535 markings/sec,   465 secs
lola:    310740964 markings,  310740964 edges,   638288 markings/sec,   470 secs
lola:    313932392 markings,  313932391 edges,   638286 markings/sec,   475 secs
lola:    317155996 markings,  317155996 edges,   644721 markings/sec,   480 secs
lola:    320371369 markings,  320371368 edges,   643075 markings/sec,   485 secs
lola:    323542084 markings,  323542083 edges,   634143 markings/sec,   490 secs
lola:    326728946 markings,  326728945 edges,   637372 markings/sec,   495 secs
lola:    329914038 markings,  329914038 edges,   637018 markings/sec,   500 secs
lola:    333092603 markings,  333092602 edges,   635713 markings/sec,   505 secs
lola:    336224146 markings,  336224145 edges,   626309 markings/sec,   510 secs
lola:    339490181 markings,  339490181 edges,   653207 markings/sec,   515 secs
lola:    342720164 markings,  342720164 edges,   645997 markings/sec,   520 secs
lola:    345950587 markings,  345950586 edges,   646085 markings/sec,   525 secs
lola:    349195095 markings,  349195094 edges,   648902 markings/sec,   530 secs
lola:    352423140 markings,  352423139 edges,   645609 markings/sec,   535 secs
lola:    355638346 markings,  355638345 edges,   643041 markings/sec,   540 secs
lola:    358857774 markings,  358857773 edges,   643886 markings/sec,   545 secs
lola:    362071395 markings,  362071395 edges,   642724 markings/sec,   550 secs
lola:    365264414 markings,  365264414 edges,   638604 markings/sec,   555 secs
lola:    368453251 markings,  368453250 edges,   637767 markings/sec,   560 secs
lola:    371631406 markings,  371631406 edges,   635631 markings/sec,   565 secs
lola:    374832299 markings,  374832298 edges,   640179 markings/sec,   570 secs
lola:    378039425 markings,  378039424 edges,   641425 markings/sec,   575 secs
lola:    381257772 markings,  381257772 edges,   643669 markings/sec,   580 secs
lola:    384431210 markings,  384431210 edges,   634688 markings/sec,   585 secs
lola:    387623772 markings,  387623771 edges,   638512 markings/sec,   590 secs
lola:    390806709 markings,  390806708 edges,   636587 markings/sec,   595 secs
lola:    393926929 markings,  393926928 edges,   624044 markings/sec,   600 secs
lola:    397010866 markings,  397010866 edges,   616787 markings/sec,   605 secs
lola:    400167166 markings,  400167166 edges,   631260 markings/sec,   610 secs
lola:    403273106 markings,  403273106 edges,   621188 markings/sec,   615 secs
lola:    406435851 markings,  406435850 edges,   632549 markings/sec,   620 secs
lola:    409597273 markings,  409597273 edges,   632284 markings/sec,   625 secs
lola:    412756798 markings,  412756797 edges,   631905 markings/sec,   630 secs
lola:    415908723 markings,  415908722 edges,   630385 markings/sec,   635 secs
lola:    419065793 markings,  419065792 edges,   631414 markings/sec,   640 secs
lola:    422314833 markings,  422314833 edges,   649808 markings/sec,   645 secs
lola:    425536163 markings,  425536163 edges,   644266 markings/sec,   650 secs
lola:    428709302 markings,  428709302 edges,   634628 markings/sec,   655 secs
lola:    431664303 markings,  431664302 edges,   591000 markings/sec,   660 secs
lola:    434865493 markings,  434865493 edges,   640238 markings/sec,   665 secs
lola:    438006744 markings,  438006743 edges,   628250 markings/sec,   670 secs
lola:    441126544 markings,  441126543 edges,   623960 markings/sec,   675 secs
lola:    444295748 markings,  444295747 edges,   633841 markings/sec,   680 secs
lola:    447472092 markings,  447472092 edges,   635269 markings/sec,   685 secs
lola:    450655342 markings,  450655341 edges,   636650 markings/sec,   690 secs
lola:    453840126 markings,  453840126 edges,   636957 markings/sec,   695 secs
lola:    457021680 markings,  457021679 edges,   636311 markings/sec,   700 secs
lola:    460193208 markings,  460193208 edges,   634306 markings/sec,   705 secs
lola:    463398293 markings,  463398292 edges,   641017 markings/sec,   710 secs
lola:    466604052 markings,  466604052 edges,   641152 markings/sec,   715 secs
lola:    469807688 markings,  469807688 edges,   640727 markings/sec,   720 secs
lola:    473005775 markings,  473005775 edges,   639617 markings/sec,   725 secs
lola:    476179470 markings,  476179470 edges,   634739 markings/sec,   730 secs
lola:    479351398 markings,  479351398 edges,   634386 markings/sec,   735 secs
lola:    482521522 markings,  482521522 edges,   634025 markings/sec,   740 secs
lola:    485724781 markings,  485724781 edges,   640652 markings/sec,   745 secs
lola:    488908708 markings,  488908707 edges,   636785 markings/sec,   750 secs
lola:    492074073 markings,  492074073 edges,   633073 markings/sec,   755 secs
lola:    495245824 markings,  495245824 edges,   634350 markings/sec,   760 secs
lola:    498400559 markings,  498400558 edges,   630947 markings/sec,   765 secs
lola:    501558427 markings,  501558427 edges,   631574 markings/sec,   770 secs
lola:    504752176 markings,  504752176 edges,   638750 markings/sec,   775 secs
lola:    507950716 markings,  507950715 edges,   639708 markings/sec,   780 secs
lola:    511157806 markings,  511157805 edges,   641418 markings/sec,   785 secs
lola:    514363135 markings,  514363134 edges,   641066 markings/sec,   790 secs
lola:    517564756 markings,  517564756 edges,   640324 markings/sec,   795 secs
lola:    520757029 markings,  520757028 edges,   638455 markings/sec,   800 secs
lola:    523945992 markings,  523945991 edges,   637793 markings/sec,   805 secs
lola:    527165371 markings,  527165370 edges,   643876 markings/sec,   810 secs
lola:    530366408 markings,  530366407 edges,   640207 markings/sec,   815 secs
lola:    533542391 markings,  533542391 edges,   635197 markings/sec,   820 secs
lola:    536734947 markings,  536734946 edges,   638511 markings/sec,   825 secs
lola:    539913126 markings,  539913126 edges,   635636 markings/sec,   830 secs
lola:    543096437 markings,  543096436 edges,   636662 markings/sec,   835 secs
lola:    546279641 markings,  546279641 edges,   636641 markings/sec,   840 secs
lola:    549485364 markings,  549485364 edges,   641145 markings/sec,   845 secs
lola:    552641099 markings,  552641099 edges,   631147 markings/sec,   850 secs
lola:    555811716 markings,  555811716 edges,   634123 markings/sec,   855 secs
lola:    558983800 markings,  558983799 edges,   634417 markings/sec,   860 secs
lola:    562147708 markings,  562147708 edges,   632782 markings/sec,   865 secs
lola:    565235481 markings,  565235480 edges,   617555 markings/sec,   870 secs
lola:    568373224 markings,  568373224 edges,   627549 markings/sec,   875 secs
lola:    571521558 markings,  571521557 edges,   629667 markings/sec,   880 secs
lola:    574685491 markings,  574685491 edges,   632787 markings/sec,   885 secs
lola:    577844875 markings,  577844874 edges,   631877 markings/sec,   890 secs
lola:    580995981 markings,  580995980 edges,   630221 markings/sec,   895 secs
lola:    584131782 markings,  584131782 edges,   627160 markings/sec,   900 secs
lola:    587266350 markings,  587266349 edges,   626914 markings/sec,   905 secs
lola:    590468262 markings,  590468261 edges,   640382 markings/sec,   910 secs
lola:    593675290 markings,  593675290 edges,   641406 markings/sec,   915 secs
lola:    596852920 markings,  596852920 edges,   635526 markings/sec,   920 secs
lola:    600045993 markings,  600045993 edges,   638615 markings/sec,   925 secs
lola:    603223107 markings,  603223107 edges,   635423 markings/sec,   930 secs
lola:    606394619 markings,  606394619 edges,   634302 markings/sec,   935 secs
lola:    609559475 markings,  609559474 edges,   632971 markings/sec,   940 secs
lola:    612722576 markings,  612722576 edges,   632620 markings/sec,   945 secs
lola:    615633646 markings,  615633645 edges,   582214 markings/sec,   950 secs
lola:    618843492 markings,  618843491 edges,   641969 markings/sec,   955 secs
lola:    621994522 markings,  621994521 edges,   630206 markings/sec,   960 secs
lola:    625171538 markings,  625171537 edges,   635403 markings/sec,   965 secs
lola:    628304606 markings,  628304606 edges,   626614 markings/sec,   970 secs
lola:    631519416 markings,  631519415 edges,   642962 markings/sec,   975 secs
lola:    634696413 markings,  634696413 edges,   635399 markings/sec,   980 secs
lola:    637884144 markings,  637884144 edges,   637546 markings/sec,   985 secs
lola:    641072697 markings,  641072696 edges,   637711 markings/sec,   990 secs
lola:    644265571 markings,  644265571 edges,   638575 markings/sec,   995 secs
lola:    647432090 markings,  647432090 edges,   633304 markings/sec,  1000 secs
lola:    650576374 markings,  650576374 edges,   628857 markings/sec,  1005 secs
lola:    653747781 markings,  653747780 edges,   634281 markings/sec,  1010 secs
lola:    656917947 markings,  656917947 edges,   634033 markings/sec,  1015 secs
lola:    660073498 markings,  660073497 edges,   631110 markings/sec,  1020 secs
lola:    663245786 markings,  663245786 edges,   634458 markings/sec,  1025 secs
lola:    666392798 markings,  666392797 edges,   629402 markings/sec,  1030 secs
lola:    669557808 markings,  669557807 edges,   633002 markings/sec,  1035 secs
lola:    672777263 markings,  672777262 edges,   643891 markings/sec,  1040 secs
lola:    676038021 markings,  676038021 edges,   652152 markings/sec,  1045 secs
lola:    679296387 markings,  679296386 edges,   651673 markings/sec,  1050 secs
lola:    682533861 markings,  682533861 edges,   647495 markings/sec,  1055 secs
lola:    685765562 markings,  685765562 edges,   646340 markings/sec,  1060 secs
lola:    688990335 markings,  688990335 edges,   644955 markings/sec,  1065 secs
lola:    692202602 markings,  692202601 edges,   642453 markings/sec,  1070 secs
lola:    695445257 markings,  695445257 edges,   648531 markings/sec,  1075 secs
lola:    698658585 markings,  698658585 edges,   642666 markings/sec,  1080 secs
lola:    701881798 markings,  701881798 edges,   644643 markings/sec,  1085 secs
lola:    705093936 markings,  705093936 edges,   642428 markings/sec,  1090 secs
lola:    708302352 markings,  708302352 edges,   641683 markings/sec,  1095 secs
lola:    711486896 markings,  711486896 edges,   636909 markings/sec,  1100 secs
lola:    714683976 markings,  714683976 edges,   639416 markings/sec,  1105 secs
lola:    717908615 markings,  717908615 edges,   644928 markings/sec,  1110 secs
lola:    721110427 markings,  721110427 edges,   640362 markings/sec,  1115 secs
lola:    724306086 markings,  724306085 edges,   639132 markings/sec,  1120 secs
lola:    727499321 markings,  727499320 edges,   638647 markings/sec,  1125 secs
lola:    730703589 markings,  730703589 edges,   640854 markings/sec,  1130 secs
lola:    733889579 markings,  733889578 edges,   637198 markings/sec,  1135 secs
lola:    737100305 markings,  737100305 edges,   642145 markings/sec,  1140 secs
lola:    740191466 markings,  740191465 edges,   618232 markings/sec,  1145 secs
lola:    743379071 markings,  743379070 edges,   637521 markings/sec,  1150 secs
lola:    746580799 markings,  746580799 edges,   640346 markings/sec,  1155 secs
lola:    749767775 markings,  749767774 edges,   637395 markings/sec,  1160 secs
lola:    752952675 markings,  752952675 edges,   636980 markings/sec,  1165 secs
lola:    756157657 markings,  756157657 edges,   640996 markings/sec,  1170 secs
lola:    759393805 markings,  759393804 edges,   647230 markings/sec,  1175 secs
lola:    762573691 markings,  762573690 edges,   635977 markings/sec,  1180 secs
lola:    765765860 markings,  765765860 edges,   638434 markings/sec,  1185 secs
lola:    768952780 markings,  768952779 edges,   637384 markings/sec,  1190 secs
lola:    772146069 markings,  772146068 edges,   638658 markings/sec,  1195 secs
lola:    775325579 markings,  775325579 edges,   635902 markings/sec,  1200 secs
lola:    778521455 markings,  778521454 edges,   639175 markings/sec,  1205 secs
lola:    781694473 markings,  781694473 edges,   634604 markings/sec,  1210 secs
lola:    784871241 markings,  784871241 edges,   635354 markings/sec,  1215 secs
lola:    788040726 markings,  788040726 edges,   633897 markings/sec,  1220 secs
lola:    791209199 markings,  791209198 edges,   633695 markings/sec,  1225 secs
lola:    794374348 markings,  794374348 edges,   633030 markings/sec,  1230 secs
lola:    797544745 markings,  797544745 edges,   634079 markings/sec,  1235 secs
lola:    800749691 markings,  800749691 edges,   640989 markings/sec,  1240 secs
lola:    803941215 markings,  803941215 edges,   638305 markings/sec,  1245 secs
lola:    807071335 markings,  807071335 edges,   626024 markings/sec,  1250 secs
lola:    810143746 markings,  810143745 edges,   614482 markings/sec,  1255 secs
lola:    813270445 markings,  813270445 edges,   625340 markings/sec,  1260 secs
lola:    816417889 markings,  816417889 edges,   629489 markings/sec,  1265 secs
lola:    819575890 markings,  819575890 edges,   631600 markings/sec,  1270 secs
lola:    822742812 markings,  822742811 edges,   633384 markings/sec,  1275 secs
lola:    825901531 markings,  825901531 edges,   631744 markings/sec,  1280 secs
lola:    829049859 markings,  829049859 edges,   629666 markings/sec,  1285 secs
lola:    832210450 markings,  832210449 edges,   632118 markings/sec,  1290 secs
lola:    835358940 markings,  835358939 edges,   629698 markings/sec,  1295 secs
lola:    838498056 markings,  838498056 edges,   627823 markings/sec,  1300 secs
lola:    841732700 markings,  841732699 edges,   646929 markings/sec,  1305 secs
lola:    844952648 markings,  844952647 edges,   643990 markings/sec,  1310 secs
lola:    848161859 markings,  848161859 edges,   641842 markings/sec,  1315 secs
lola:    851364567 markings,  851364566 edges,   640542 markings/sec,  1320 secs
lola:    854548389 markings,  854548389 edges,   636764 markings/sec,  1325 secs
lola:    857734762 markings,  857734762 edges,   637275 markings/sec,  1330 secs
lola:    860917746 markings,  860917746 edges,   636597 markings/sec,  1335 secs
lola:    864107346 markings,  864107346 edges,   637920 markings/sec,  1340 secs
lola:    867288386 markings,  867288386 edges,   636208 markings/sec,  1345 secs
lola:    870464332 markings,  870464331 edges,   635189 markings/sec,  1350 secs
lola:    873644726 markings,  873644726 edges,   636079 markings/sec,  1355 secs
lola:    876813675 markings,  876813675 edges,   633790 markings/sec,  1360 secs
lola:    879980585 markings,  879980585 edges,   633382 markings/sec,  1365 secs
lola:    883174480 markings,  883174480 edges,   638779 markings/sec,  1370 secs
lola:    886373036 markings,  886373036 edges,   639711 markings/sec,  1375 secs
lola:    889540007 markings,  889540006 edges,   633394 markings/sec,  1380 secs
lola:    892721237 markings,  892721237 edges,   636246 markings/sec,  1385 secs
lola:    895869915 markings,  895869915 edges,   629736 markings/sec,  1390 secs
lola:    899038332 markings,  899038332 edges,   633683 markings/sec,  1395 secs
lola:    902196686 markings,  902196686 edges,   631671 markings/sec,  1400 secs
lola:    905383975 markings,  905383975 edges,   637458 markings/sec,  1405 secs
lola:    908545418 markings,  908545417 edges,   632289 markings/sec,  1410 secs
lola:    911648794 markings,  911648794 edges,   620675 markings/sec,  1415 secs
lola:    914702796 markings,  914702796 edges,   610800 markings/sec,  1420 secs
lola:    917861681 markings,  917861680 edges,   631777 markings/sec,  1425 secs
lola:    921009697 markings,  921009696 edges,   629603 markings/sec,  1430 secs
lola:    924179655 markings,  924179655 edges,   633992 markings/sec,  1435 secs
lola:    927383919 markings,  927383918 edges,   640853 markings/sec,  1440 secs
lola:    930571071 markings,  930571070 edges,   637430 markings/sec,  1445 secs
lola:    933741933 markings,  933741932 edges,   634172 markings/sec,  1450 secs
lola:    936928452 markings,  936928452 edges,   637304 markings/sec,  1455 secs
lola:    940082466 markings,  940082465 edges,   630803 markings/sec,  1460 secs
lola:    943246519 markings,  943246519 edges,   632811 markings/sec,  1465 secs
lola:    946416457 markings,  946416456 edges,   633988 markings/sec,  1470 secs
lola:    949586109 markings,  949586109 edges,   633930 markings/sec,  1475 secs
lola:    952732731 markings,  952732730 edges,   629324 markings/sec,  1480 secs
lola:    955895566 markings,  955895565 edges,   632567 markings/sec,  1485 secs
lola:    959043200 markings,  959043200 edges,   629527 markings/sec,  1490 secs
lola:    962185344 markings,  962185343 edges,   628429 markings/sec,  1495 secs
lola:    965333287 markings,  965333286 edges,   629589 markings/sec,  1500 secs
lola:    968525243 markings,  968525242 edges,   638391 markings/sec,  1505 secs
lola:    971683256 markings,  971683255 edges,   631603 markings/sec,  1510 secs
lola:    974829329 markings,  974829328 edges,   629215 markings/sec,  1515 secs
lola:    977996663 markings,  977996662 edges,   633467 markings/sec,  1520 secs
lola:    981140571 markings,  981140571 edges,   628782 markings/sec,  1525 secs
lola:    984276747 markings,  984276747 edges,   627235 markings/sec,  1530 secs
lola:    987429765 markings,  987429764 edges,   630604 markings/sec,  1535 secs
lola:    990559872 markings,  990559872 edges,   626021 markings/sec,  1540 secs
lola:    993689310 markings,  993689309 edges,   625888 markings/sec,  1545 secs
lola:    996827869 markings,  996827869 edges,   627712 markings/sec,  1550 secs
lola:    999977102 markings,  999977101 edges,   629847 markings/sec,  1555 secs
lola:   1003075638 markings, 1003075637 edges,   619707 markings/sec,  1560 secs
lola:   1006192374 markings, 1006192374 edges,   623347 markings/sec,  1565 secs
lola:   1009413129 markings, 1009413129 edges,   644151 markings/sec,  1570 secs
lola:   1012476567 markings, 1012476566 edges,   612688 markings/sec,  1575 secs
lola:   1015514509 markings, 1015514508 edges,   607588 markings/sec,  1580 secs
lola:   1018586913 markings, 1018586913 edges,   614481 markings/sec,  1585 secs
lola:   1021641035 markings, 1021641034 edges,   610824 markings/sec,  1590 secs
lola:   1024694788 markings, 1024694787 edges,   610751 markings/sec,  1595 secs
lola:   1027686310 markings, 1027686309 edges,   598304 markings/sec,  1600 secs
lola:   1030752161 markings, 1030752161 edges,   613170 markings/sec,  1605 secs
lola:   1033789564 markings, 1033789563 edges,   607481 markings/sec,  1610 secs
lola:   1036792063 markings, 1036792062 edges,   600500 markings/sec,  1615 secs
lola:   1039876000 markings, 1039875999 edges,   616787 markings/sec,  1620 secs
lola:   1042971360 markings, 1042971359 edges,   619072 markings/sec,  1625 secs
lola:   1046145376 markings, 1046145376 edges,   634803 markings/sec,  1630 secs
lola:   1049324234 markings, 1049324234 edges,   635772 markings/sec,  1635 secs
lola:   1052466546 markings, 1052466545 edges,   628462 markings/sec,  1640 secs
lola:   1055561449 markings, 1055561448 edges,   618981 markings/sec,  1645 secs
lola:   1058739216 markings, 1058739216 edges,   635553 markings/sec,  1650 secs
lola:   1061910476 markings, 1061910475 edges,   634252 markings/sec,  1655 secs
lola:   1065063829 markings, 1065063828 edges,   630671 markings/sec,  1660 secs
lola:   1068225001 markings, 1068225000 edges,   632234 markings/sec,  1665 secs
lola:   1071404260 markings, 1071404259 edges,   635852 markings/sec,  1670 secs
lola:   1074573971 markings, 1074573971 edges,   633942 markings/sec,  1675 secs
lola:   1077726624 markings, 1077726624 edges,   630531 markings/sec,  1680 secs
lola:   1080890082 markings, 1080890082 edges,   632692 markings/sec,  1685 secs
lola:   1084045551 markings, 1084045551 edges,   631094 markings/sec,  1690 secs
lola:   1087203696 markings, 1087203696 edges,   631629 markings/sec,  1695 secs
lola:   1090343386 markings, 1090343386 edges,   627938 markings/sec,  1700 secs
lola:   1093548767 markings, 1093548766 edges,   641076 markings/sec,  1705 secs
lola:   1096736705 markings, 1096736705 edges,   637588 markings/sec,  1710 secs
lola:   1099908957 markings, 1099908956 edges,   634450 markings/sec,  1715 secs
lola:   1102985168 markings, 1102985168 edges,   615242 markings/sec,  1720 secs
lola:   1106138663 markings, 1106138663 edges,   630699 markings/sec,  1725 secs
lola:   1109318180 markings, 1109318180 edges,   635903 markings/sec,  1730 secs
lola:   1112482068 markings, 1112482067 edges,   632778 markings/sec,  1735 secs
lola:   1115628842 markings, 1115628842 edges,   629355 markings/sec,  1740 secs
lola:   1118772468 markings, 1118772468 edges,   628725 markings/sec,  1745 secs
lola:   1121905151 markings, 1121905150 edges,   626537 markings/sec,  1750 secs
lola:   1125076301 markings, 1125076301 edges,   634230 markings/sec,  1755 secs
lola:   1128177340 markings, 1128177339 edges,   620208 markings/sec,  1760 secs
lola:   1131321844 markings, 1131321844 edges,   628901 markings/sec,  1765 secs
lola:   1134494957 markings, 1134494956 edges,   634623 markings/sec,  1770 secs
lola:   1137659007 markings, 1137659006 edges,   632810 markings/sec,  1775 secs
lola:   1140797311 markings, 1140797311 edges,   627661 markings/sec,  1780 secs
lola:   1143863254 markings, 1143863253 edges,   613189 markings/sec,  1785 secs
lola:   1147001536 markings, 1147001535 edges,   627656 markings/sec,  1790 secs
lola:   1150141465 markings, 1150141464 edges,   627986 markings/sec,  1795 secs
lola:   1153261486 markings, 1153261485 edges,   624004 markings/sec,  1800 secs
lola:   1156445087 markings, 1156445087 edges,   636720 markings/sec,  1805 secs
lola:   1159575032 markings, 1159575032 edges,   625989 markings/sec,  1810 secs
lola:   1162708757 markings, 1162708757 edges,   626745 markings/sec,  1815 secs
lola:   1165817895 markings, 1165817895 edges,   621828 markings/sec,  1820 secs
lola:   1168956285 markings, 1168956285 edges,   627678 markings/sec,  1825 secs
lola:   1172089953 markings, 1172089953 edges,   626734 markings/sec,  1830 secs
lola:   1175236229 markings, 1175236229 edges,   629255 markings/sec,  1835 secs
lola:   1178435988 markings, 1178435988 edges,   639952 markings/sec,  1840 secs
lola:   1181635697 markings, 1181635697 edges,   639942 markings/sec,  1845 secs
lola:   1184813873 markings, 1184813873 edges,   635635 markings/sec,  1850 secs
lola:   1187909737 markings, 1187909737 edges,   619173 markings/sec,  1855 secs
lola:   1190968025 markings, 1190968024 edges,   611658 markings/sec,  1860 secs
lola:   1194133233 markings, 1194133233 edges,   633042 markings/sec,  1865 secs
lola:   1197284134 markings, 1197284134 edges,   630180 markings/sec,  1870 secs
lola:   1200454995 markings, 1200454995 edges,   634172 markings/sec,  1875 secs
lola:   1203607421 markings, 1203607421 edges,   630485 markings/sec,  1880 secs
lola:   1206763095 markings, 1206763095 edges,   631135 markings/sec,  1885 secs
lola:   1209907746 markings, 1209907745 edges,   628930 markings/sec,  1890 secs
lola:   1213060763 markings, 1213060763 edges,   630603 markings/sec,  1895 secs
lola:   1216169291 markings, 1216169291 edges,   621706 markings/sec,  1900 secs
lola:   1219335415 markings, 1219335414 edges,   633225 markings/sec,  1905 secs
lola:   1222503700 markings, 1222503700 edges,   633657 markings/sec,  1910 secs
lola:   1225642105 markings, 1225642105 edges,   627681 markings/sec,  1915 secs
lola:   1228781354 markings, 1228781353 edges,   627850 markings/sec,  1920 secs
lola:   1231921911 markings, 1231921911 edges,   628111 markings/sec,  1925 secs
lola:   1235061654 markings, 1235061653 edges,   627949 markings/sec,  1930 secs
lola:   1238214254 markings, 1238214254 edges,   630520 markings/sec,  1935 secs
lola:   1241361898 markings, 1241361898 edges,   629529 markings/sec,  1940 secs
lola:   1244455267 markings, 1244455267 edges,   618674 markings/sec,  1945 secs
lola:   1247575963 markings, 1247575963 edges,   624139 markings/sec,  1950 secs
lola:   1250710938 markings, 1250710938 edges,   626995 markings/sec,  1955 secs
lola:   1253832704 markings, 1253832704 edges,   624353 markings/sec,  1960 secs
lola:   1256947293 markings, 1256947293 edges,   622918 markings/sec,  1965 secs
lola:   1260086711 markings, 1260086711 edges,   627884 markings/sec,  1970 secs
lola:   1263239463 markings, 1263239462 edges,   630550 markings/sec,  1975 secs
lola:   1266383077 markings, 1266383077 edges,   628723 markings/sec,  1980 secs
lola:   1269539680 markings, 1269539680 edges,   631321 markings/sec,  1985 secs
lola:   1272684214 markings, 1272684213 edges,   628907 markings/sec,  1990 secs
lola:   1275834795 markings, 1275834795 edges,   630116 markings/sec,  1995 secs
lola:   1278973689 markings, 1278973689 edges,   627779 markings/sec,  2000 secs
lola:   1282134688 markings, 1282134687 edges,   632200 markings/sec,  2005 secs
lola:   1285263373 markings, 1285263372 edges,   625737 markings/sec,  2010 secs
lola:   1288390501 markings, 1288390501 edges,   625426 markings/sec,  2015 secs
lola:   1291517972 markings, 1291517971 edges,   625494 markings/sec,  2020 secs
lola:   1294648188 markings, 1294648187 edges,   626043 markings/sec,  2025 secs
lola:   1297751229 markings, 1297751229 edges,   620608 markings/sec,  2030 secs
lola:   1300835281 markings, 1300835280 edges,   616810 markings/sec,  2035 secs
lola:   1304001706 markings, 1304001706 edges,   633285 markings/sec,  2040 secs
lola:   1307153562 markings, 1307153561 edges,   630371 markings/sec,  2045 secs
lola:   1310253800 markings, 1310253800 edges,   620048 markings/sec,  2050 secs
lola:   1313395758 markings, 1313395758 edges,   628392 markings/sec,  2055 secs
lola:   1316521155 markings, 1316521155 edges,   625079 markings/sec,  2060 secs
lola:   1319640107 markings, 1319640107 edges,   623790 markings/sec,  2065 secs
lola:   1322772923 markings, 1322772923 edges,   626563 markings/sec,  2070 secs
lola:   1325900906 markings, 1325900906 edges,   625597 markings/sec,  2075 secs
lola:   1329010023 markings, 1329010023 edges,   621823 markings/sec,  2080 secs
lola:   1332127407 markings, 1332127407 edges,   623477 markings/sec,  2085 secs
lola:   1335243696 markings, 1335243695 edges,   623258 markings/sec,  2090 secs
lola:   1338356492 markings, 1338356491 edges,   622559 markings/sec,  2095 secs
lola:   1341448583 markings, 1341448582 edges,   618418 markings/sec,  2100 secs
lola:   1344668900 markings, 1344668900 edges,   644063 markings/sec,  2105 secs
lola:   1347832758 markings, 1347832757 edges,   632772 markings/sec,  2110 secs
lola:   1350975997 markings, 1350975996 edges,   628648 markings/sec,  2115 secs
lola:   1354101767 markings, 1354101766 edges,   625154 markings/sec,  2120 secs
lola:   1357320397 markings, 1357320396 edges,   643726 markings/sec,  2125 secs
lola:   1360476872 markings, 1360476872 edges,   631295 markings/sec,  2130 secs
lola:   1363660216 markings, 1363660215 edges,   636669 markings/sec,  2135 secs
lola:   1366847726 markings, 1366847726 edges,   637502 markings/sec,  2140 secs
lola:   1370038366 markings, 1370038366 edges,   638128 markings/sec,  2145 secs
lola:   1373206881 markings, 1373206880 edges,   633703 markings/sec,  2150 secs
lola:   1376384018 markings, 1376384017 edges,   635427 markings/sec,  2155 secs
lola:   1379555348 markings, 1379555347 edges,   634266 markings/sec,  2160 secs
lola:   1382725843 markings, 1382725842 edges,   634099 markings/sec,  2165 secs
lola:   1385895391 markings, 1385895391 edges,   633910 markings/sec,  2170 secs
lola:   1389098643 markings, 1389098642 edges,   640650 markings/sec,  2175 secs
lola:   1392270260 markings, 1392270260 edges,   634323 markings/sec,  2180 secs
lola:   1395450930 markings, 1395450930 edges,   636134 markings/sec,  2185 secs
lola:   1398624114 markings, 1398624113 edges,   634637 markings/sec,  2190 secs
lola:   1401787452 markings, 1401787452 edges,   632668 markings/sec,  2195 secs
lola:   1404922602 markings, 1404922602 edges,   627030 markings/sec,  2200 secs
lola:   1408113438 markings, 1408113438 edges,   638167 markings/sec,  2205 secs
lola:   1411162341 markings, 1411162340 edges,   609781 markings/sec,  2210 secs
lola:   1414205100 markings, 1414205099 edges,   608552 markings/sec,  2215 secs
lola:   1417381662 markings, 1417381662 edges,   635312 markings/sec,  2220 secs
lola:   1420559287 markings, 1420559287 edges,   635525 markings/sec,  2225 secs
lola:   1423706371 markings, 1423706371 edges,   629417 markings/sec,  2230 secs
lola:   1426829649 markings, 1426829649 edges,   624656 markings/sec,  2235 secs
lola:   1430037772 markings, 1430037772 edges,   641625 markings/sec,  2240 secs
lola:   1433240388 markings, 1433240388 edges,   640523 markings/sec,  2245 secs
lola:   1436424515 markings, 1436424514 edges,   636825 markings/sec,  2250 secs
lola:   1439616851 markings, 1439616851 edges,   638467 markings/sec,  2255 secs
lola:   1442763566 markings, 1442763565 edges,   629343 markings/sec,  2260 secs
lola:   1445922090 markings, 1445922090 edges,   631705 markings/sec,  2265 secs
lola:   1449101882 markings, 1449101882 edges,   635958 markings/sec,  2270 secs
lola:   1452272031 markings, 1452272030 edges,   634030 markings/sec,  2275 secs
lola:   1455391959 markings, 1455391959 edges,   623986 markings/sec,  2280 secs
lola:   1458507115 markings, 1458507115 edges,   623031 markings/sec,  2285 secs
lola:   1461633751 markings, 1461633751 edges,   625327 markings/sec,  2290 secs
lola:   1464775962 markings, 1464775961 edges,   628442 markings/sec,  2295 secs
lola:   1467898216 markings, 1467898216 edges,   624451 markings/sec,  2300 secs
lola:   1471091119 markings, 1471091119 edges,   638581 markings/sec,  2305 secs
lola:   1474253748 markings, 1474253748 edges,   632526 markings/sec,  2310 secs
lola:   1477418157 markings, 1477418156 edges,   632882 markings/sec,  2315 secs
lola:   1480571754 markings, 1480571754 edges,   630719 markings/sec,  2320 secs
lola:   1483716538 markings, 1483716538 edges,   628957 markings/sec,  2325 secs
lola:   1486866614 markings, 1486866613 edges,   630015 markings/sec,  2330 secs
lola:   1490026050 markings, 1490026050 edges,   631887 markings/sec,  2335 secs
lola:   1493176888 markings, 1493176887 edges,   630168 markings/sec,  2340 secs
lola:   1496338076 markings, 1496338076 edges,   632238 markings/sec,  2345 secs
lola:   1499465283 markings, 1499465282 edges,   625441 markings/sec,  2350 secs
lola:   1502622843 markings, 1502622842 edges,   631512 markings/sec,  2355 secs
lola:   1505702627 markings, 1505702627 edges,   615957 markings/sec,  2360 secs
lola:   1508755498 markings, 1508755497 edges,   610574 markings/sec,  2365 secs
lola:   1511815889 markings, 1511815889 edges,   612078 markings/sec,  2370 secs
lola:   1514908600 markings, 1514908599 edges,   618542 markings/sec,  2375 secs
lola:   1518101490 markings, 1518101489 edges,   638578 markings/sec,  2380 secs
lola:   1521269706 markings, 1521269706 edges,   633643 markings/sec,  2385 secs
lola:   1524440390 markings, 1524440390 edges,   634137 markings/sec,  2390 secs
lola:   1527592843 markings, 1527592843 edges,   630491 markings/sec,  2395 secs
lola:   1530732640 markings, 1530732639 edges,   627959 markings/sec,  2400 secs
lola:   1533884001 markings, 1533884000 edges,   630272 markings/sec,  2405 secs
lola:   1536983951 markings, 1536983951 edges,   619990 markings/sec,  2410 secs
lola:   1540067580 markings, 1540067580 edges,   616726 markings/sec,  2415 secs
lola:   1543191075 markings, 1543191074 edges,   624699 markings/sec,  2420 secs
