lola: NET
lola:   reading net from AssemblySimStock.lola
lola:   finished parsing
lola:   closed net file AssemblySimStock.lola
lola:   51/65536 symbol table entries, 0 collisions
lola:   preprocessing... 
lola:   finding significant places
lola:   32 places, 19 transitions, 19 significant places
lola:   computing forward-conflicting sets
lola:   computing back-conflicting sets
lola:   30 transition conflict sets
lola: TASK
lola:   read: AG (Time_Shape + Time_Assembly + Time_Inspection < 3)
lola:   formula length: 53
lola:   checking invariance
lola:   Planning: workflow for reachability check: search (--findpath=off)
lola: STORE
lola:   using a bit-perfect encoder (--encoder=bit)
lola:   using 76 bytes per marking, with 0 unused bits
lola:   using a prefix tree store (--store=prefix)
lola: SEARCH
lola:   using reachability  graph (--search=depth)
lola:   using reachability preserving stubborn set method with insertion algorithm (--stubborn=tarjan)
lola: RUNNING
lola: RESULT
lola:   result: no
lola:   The predicate is not invariant.
lola:   2 markings, 1 edges
lola:   print data as JSON (--json)
lola:   writing JSON to output_fairness_asimstock.json
lola:   closed JSON file output_fairness_asimstock.json
